<?xml version="1.0" encoding="UTF-8"?>
<testsuite xmlns:xsi="http://www.w3.org/2001/XMLSchema-instance" xsi:noNamespaceSchemaLocation="https://maven.apache.org/surefire/maven-surefire-plugin/xsd/surefire-test-report.xsd" name="testRunner.getInstrumentService" time="2.362" tests="1" errors="0" skipped="0" failures="1">
  <properties>
[...]
</properties>
  <testcase name="InstrumentService on InstrumentService(testRunner.getInstrumentService)" classname="testRunner.getInstrumentService" time="1.134">
    <failure message="Connection refused: connect" type="java.net.ConnectException">java.net.ConnectException: Connection refused: connect
	at testRunner.getInstrumentService.InstrumentService(getInstrumentService.java:30)
</failure>
    <system-out><![CDATA[Enter host, xRequestMethod, xRequestPath and secret :
host: localhost
xRequestMethod: GET
xRequestPath: /instrument-details/credit-card/279408
xTimestamp: 1660003006102
secretKey: ltasD+JmKhIoVPQRzpyuP8V8nP1S9dUrI930yeg53t0=
Generating Signature.. 
Generated Signature: FlSojkl1fPKRU284hMVpNQ6dc8eYKVCxaOYrxeH9whQ=
FlSojkl1fPKRU284hMVpNQ6dc8eYKVCxaOYrxeH9whQ=
Request method:	GET
Request URI:	https://localhost:443/instrument-details/credit-card/279408
Proxy:			<none>
Request params:	<none>
Query params:	<none>
Form params:	<none>
Path params:	<none>
Headers:		host=localhost
				x-timestamp=1660003006632
				x-request-method=GET
				x-request-path=/instrument-details/instruments/279048
				x-key-Id=ltasD+JmKhIoVPQRzpyuP8V8nP1S9dUrI930yeg53t0=

				x-signature=FlSojkl1fPKRU284hMVpNQ6dc8eYKVCxaOYrxeH9whQ=
				Accept=*/*
Cookies:		<none>
Multiparts:		<none>
Body:			<none>
]]></system-out>
    <system-err><![CDATA[SLF4J: Failed to load class "org.slf4j.impl.StaticLoggerBinder".
SLF4J: Defaulting to no-operation (NOP) logger implementation
SLF4J: See http://www.slf4j.org/codes.html#StaticLoggerBinder for further details.
]]></system-err>
  </testcase>
</testsuite>