-------------------------------------------------------------------------------
Test set: testRunner.getInstrumentService
-------------------------------------------------------------------------------
Tests run: 1, Failures: 1, Errors: 0, Skipped: 0, Time elapsed: 2.362 s <<< FAILURE! - in testRunner.getInstrumentService
InstrumentService on InstrumentService(testRunner.getInstrumentService)(testRunner.getInstrumentService)  Time elapsed: 1.134 s  <<< FAILURE!
java.net.ConnectException: Connection refused: connect
	at testRunner.getInstrumentService.InstrumentService(getInstrumentService.java:30)

